2023-06-15 14:46:22,893 : INFO :  test_url_login : test_url_login: Test case started
2023-06-15 14:46:22,893 : INFO :  test_url_login : test_url_login: Launching Site
2023-06-15 14:46:30,504 : INFO :  test_url_login : test_url_login: printing page title
2023-06-15 14:46:31,389 : INFO :  test_url_login : test_url_login: Test case executed successfully
2023-06-15 15:00:58,226 : INFO :  test_url : test_url: Test case started
2023-06-15 15:00:58,226 : INFO :  test_url : test_url: Launching Site
2023-06-15 15:01:04,326 : INFO :  test_url : test_url: printing page title
2023-06-15 15:01:04,514 : INFO :  test_url : test_url: Test case executed successfully
2023-06-15 15:02:47,899 : INFO :  test_url : test_url: Test case started
2023-06-15 15:02:48,065 : INFO :  test_url : test_url: Launching Site
2023-06-15 15:02:51,766 : INFO :  test_url : test_url: printing page title
2023-06-15 15:02:51,952 : INFO :  test_url : test_url: Test case executed successfully
2023-06-15 15:12:30,181 : INFO :  test_url : test_url: Test case started
2023-06-15 15:12:30,182 : INFO :  test_url : test_url: Launching Site
2023-06-15 15:12:34,134 : INFO :  test_url : test_url: printing page title
2023-06-15 15:12:35,355 : INFO :  test_url : test_url: Test case executed successfully
2023-06-15 15:44:39,246 : INFO :  test_login : test_login: Launching application
2023-06-15 15:44:39,246 : INFO :  test_login : test_login: Login test case started
2023-06-15 15:48:05,223 : INFO :  test_login : test_login: Launching application
2023-06-15 15:48:05,315 : INFO :  test_login : test_login: Login test case started
2023-06-15 15:48:13,128 : INFO :  test_login : test_login: clicked on login btn
2023-06-15 15:49:59,134 : INFO :  test_login : test_login: Launching application
2023-06-15 15:49:59,134 : INFO :  test_login : test_login: Login test case started
2023-06-15 15:50:05,285 : INFO :  test_login : test_login: clicked on login btn
2023-06-15 15:56:49,592 : INFO :  test_login : test_login: Launching application
2023-06-15 15:56:49,593 : INFO :  test_login : test_login: Login test case started
2023-06-15 15:56:54,307 : INFO :  test_login : test_login: clicked on login btn
2023-06-15 15:57:40,309 : INFO :  test_login : test_login: Launching application
2023-06-15 15:57:40,309 : INFO :  test_login : test_login: Login test case started
2023-06-15 15:57:45,506 : INFO :  test_login : test_login: clicked on login btn
2023-06-15 15:57:46,437 : INFO :  test_login : test_login: Validation Successfull
2023-06-15 15:58:25,714 : INFO :  test_login : test_login: Launching application
2023-06-15 15:58:25,812 : INFO :  test_login : test_login: Login test case started
2023-06-15 15:58:30,252 : INFO :  test_login : test_login: clicked on login btn
2023-06-15 15:59:51,701 : INFO :  test_login : test_login: Launching application
2023-06-15 15:59:51,779 : INFO :  test_login : test_login: Login test case started
2023-06-15 15:59:56,315 : INFO :  test_login : test_login: clicked on login btn
2023-06-15 15:59:56,663 : INFO :  test_login : test_login: Validation Successfull
2023-06-15 16:00:37,676 : INFO :  test_login : test_login: Launching application
2023-06-15 16:00:37,676 : INFO :  test_login : test_login: Login test case started
2023-06-15 16:00:42,370 : INFO :  test_login : test_login: clicked on login btn
2023-06-15 16:00:42,414 : INFO :  test_login : test_login: Validation Successfull
2023-06-15 16:01:35,245 : INFO :  test_login : test_login: Launching application
2023-06-15 16:01:35,245 : INFO :  test_login : test_login: Login test case started
2023-06-15 16:01:41,240 : INFO :  test_login : test_login: clicked on login btn
2023-06-15 16:01:41,567 : INFO :  test_login : test_login: Validation Successfull
2023-06-15 16:02:56,319 : INFO :  test_login : test_login: Launching application
2023-06-15 16:02:56,320 : INFO :  test_login : test_login: Login test case started
2023-06-15 16:03:00,734 : INFO :  test_login : test_login: clicked on login btn
2023-06-15 16:03:01,095 : INFO :  test_login : test_login: Validation Successfull
2023-06-15 16:03:49,858 : INFO :  test_url : test_url: Test case started
2023-06-15 16:03:49,858 : INFO :  test_url : test_url: Launching Site
2023-06-15 16:03:54,277 : INFO :  test_url : test_url: printing page title
2023-06-15 16:03:54,442 : INFO :  test_url : test_url: Test case executed successfully
2023-06-15 16:04:53,434 : INFO :  test_url : test_url: Test case started
2023-06-15 16:04:53,434 : INFO :  test_url : test_url: Launching Site
2023-06-15 16:04:58,843 : INFO :  test_url : test_url: printing page title
2023-06-15 16:04:58,899 : INFO :  test_url : test_url: taking scrrenshot
2023-06-15 16:04:59,084 : INFO :  test_url : test_url: screenshot taken
2023-06-15 16:04:59,085 : INFO :  test_url : test_url: Test case executed successfully
2023-06-15 16:06:31,149 : INFO :  test_url : test_url: Test case started
2023-06-15 16:06:31,174 : INFO :  test_url : test_url: Launching Site
2023-06-15 16:06:35,794 : INFO :  test_url : test_url: printing page title
2023-06-15 16:06:35,873 : INFO :  test_url : test_url: taking scrrenshot
2023-06-15 16:06:36,030 : INFO :  test_url : test_url: screenshot taken
2023-06-15 16:06:36,030 : INFO :  test_url : test_url: Test case executed successfully
2023-06-15 16:17:48,145 : INFO :  test_url : test_url: Test case started
2023-06-15 16:17:48,145 : INFO :  test_url : test_url: Launching Site
2023-06-15 16:17:51,034 : INFO :  test_login : test_login: Launching application
2023-06-15 16:17:51,034 : INFO :  test_login : test_login: Login test case started
2023-06-15 16:17:55,372 : INFO :  test_url : test_url: printing page title
2023-06-15 16:17:55,849 : INFO :  test_url : test_url: taking screenshot
2023-06-15 16:17:56,138 : INFO :  test_url : test_url: screenshot taken
2023-06-15 16:17:56,139 : INFO :  test_url : test_url: Test case executed successfully
2023-06-15 16:17:57,065 : INFO :  test_login : test_login: clicked on login btn
2023-06-15 16:17:57,894 : INFO :  test_login : test_login: Validation Successfull
2023-06-15 16:34:13,274 : INFO :  test_login : test_login: Launching application
2023-06-15 16:34:13,415 : INFO :  test_url : test_url: Test case started
 started
2023-06-15 16:34:13,489 : INFO :  test_url : test_url: Launching Site
2023-06-15 16:34:20,695 : INFO :  test_login : test_login: clicked on login btn
2023-06-15 16:34:20,935 : INFO :  test_login : test_login: Validation Successfull
2023-06-15 16:34:20,951 : INFO :  test_url : test_url: printing page title
2023-06-15 16:34:21,047 : INFO :  test_url : test_url: taking screenshot
2023-06-15 16:34:21,247 : INFO :  test_url : test_url: screenshot taken
2023-06-15 16:34:21,247 : INFO :  test_url : test_url: Test case executed successfully
2023-06-15 17:24:17,775 : INFO :  test_login : test_login: Launching application
2023-06-15 17:24:17,806 : INFO :  test_login : test_login: Login test case started
2023-06-15 17:24:21,013 : INFO :  test_login : test_login: clicked on login btn
2023-06-15 17:34:51,610 : INFO :  test_login : test_login: Launching application
2023-06-15 17:34:51,733 : INFO :  test_login : test_login: Login test case started
2023-06-15 17:34:57,464 : INFO :  test_login : test_login: clicked on login btn
2023-06-15 17:34:57,711 : INFO :  test_login : test_login: Validation Successfull
2023-06-15 17:35:19,476 : INFO :  test_login : test_login: Launching application
2023-06-15 17:35:19,503 : INFO :  test_login : test_login: Login test case started
2023-06-15 17:35:27,097 : INFO :  test_login : test_login: clicked on login btn
2023-06-15 17:35:27,355 : INFO :  test_login : test_login: Validation Successfull
2023-06-15 18:46:12,499 : INFO :  test_login_ddt : test_login_ddt: Data Driven testing started
2023-06-15 18:46:12,541 : INFO :  test_login_ddt : test_login_ddt: sending data to the application
2023-06-15 18:46:15,032 : INFO :  test_login_ddt : test_login_ddt: validation part started
2023-06-15 18:46:15,525 : INFO :  test_login_ddt : test_login_ddt: validation successful
2023-06-15 18:46:16,763 : INFO :  test_login_ddt : test_login_ddt: Data Driven testing started
2023-06-15 18:46:16,867 : INFO :  test_login_ddt : test_login_ddt: sending data to the application
2023-06-15 18:46:50,953 : INFO :  test_login_ddt : test_login_ddt: Data Driven testing started
2023-06-15 18:46:50,982 : INFO :  test_login_ddt : test_login_ddt: sending data to the application
2023-06-15 18:46:51,725 : INFO :  test_login_ddt : test_login_ddt: validation part started
2023-06-15 18:46:52,161 : INFO :  test_login_ddt : test_login_ddt: validation successful
2023-06-15 18:46:52,467 : INFO :  test_login_ddt : test_login_ddt: Data Driven testing started
2023-06-15 18:46:52,543 : INFO :  test_login_ddt : test_login_ddt: sending data to the application
2023-06-15 18:46:53,308 : INFO :  test_login_ddt : test_login_ddt: validation part started
2023-06-15 18:52:04,901 : INFO :  test_login_ddt : test_login_ddt: Data Driven testing started
2023-06-15 18:52:04,901 : INFO :  test_login_ddt : test_login_ddt: Data Driven testing started
2023-06-15 18:52:04,901 : INFO :  test_login_ddt : test_login_ddt: Data Driven testing started
2023-06-15 18:52:04,902 : INFO :  test_login_ddt : test_login_ddt: Data Driven testing started
2023-06-15 18:52:04,902 : INFO :  test_login_ddt : test_login_ddt: Data Driven testing started
2023-06-15 18:52:04,903 : INFO :  test_login_ddt : test_login_ddt: Data Driven testing started
2023-06-15 18:52:04,932 : INFO :  test_login_ddt : test_login_ddt: sending data to the application
2023-06-15 18:52:05,424 : INFO :  test_login_ddt : test_login_ddt: validation part started
2023-06-15 18:52:05,528 : INFO :  test_login_ddt : test_login_ddt: validation successful
2023-06-15 18:53:00,648 : INFO :  test_login_ddt : test_login_ddt: Data Driven testing started
2023-06-15 18:53:00,649 : INFO :  test_login_ddt : test_login_ddt: Data Driven testing started
2023-06-15 18:53:00,649 : INFO :  test_login_ddt : test_login_ddt: Data Driven testing started
2023-06-15 18:53:00,649 : INFO :  test_login_ddt : test_login_ddt: Data Driven testing started
2023-06-15 18:53:00,649 : INFO :  test_login_ddt : test_login_ddt: Data Driven testing started
2023-06-15 18:53:00,649 : INFO :  test_login_ddt : test_login_ddt: Data Driven testing started
2023-06-15 18:53:00,673 : INFO :  test_login_ddt : test_login_ddt: sending data to the application
2023-06-15 18:53:01,241 : INFO :  test_login_ddt : test_login_ddt: validation part started
2023-06-15 18:53:01,333 : INFO :  test_login_ddt : test_login_ddt: validation successful
2023-06-15 18:58:48,546 : INFO :  test_login_ddt : test_login_ddt: Data Driven testing started
2023-06-15 18:58:48,585 : INFO :  test_login_ddt : test_login_ddt: sending data to the application
2023-06-15 18:58:49,070 : INFO :  test_login_ddt : test_login_ddt: validation part started
2023-06-15 18:58:49,265 : INFO :  test_login_ddt : test_login_ddt: validation successful
2023-06-15 19:12:42,485 : INFO :  test_login_ddt : test_login_ddt: Data Driven testing started
2023-06-15 19:12:42,485 : INFO :  test_login_ddt : test_login_ddt: Data Driven testing started
2023-06-15 19:12:42,485 : INFO :  test_login_ddt : test_login_ddt: Data Driven testing started
2023-06-15 19:12:42,485 : INFO :  test_login_ddt : test_login_ddt: Data Driven testing started
2023-06-15 19:12:42,485 : INFO :  test_login_ddt : test_login_ddt: Data Driven testing started
2023-06-15 19:12:42,485 : INFO :  test_login_ddt : test_login_ddt: Data Driven testing started
2023-06-15 19:12:42,513 : INFO :  test_login_ddt : test_login_ddt: sending data to the application
2023-06-15 19:12:42,986 : INFO :  test_login_ddt : test_login_ddt: validation part started
2023-06-15 19:12:43,055 : INFO :  test_login_ddt : test_login_ddt: validation successful
2023-06-15 19:13:52,115 : INFO :  test_login_ddt : test_login_ddt: Data Driven testing started
2023-06-15 19:13:52,116 : INFO :  test_login_ddt : test_login_ddt: Data Driven testing started
2023-06-15 19:13:52,116 : INFO :  test_login_ddt : test_login_ddt: Data Driven testing started
2023-06-15 19:13:52,116 : INFO :  test_login_ddt : test_login_ddt: Data Driven testing started
2023-06-15 19:13:52,116 : INFO :  test_login_ddt : test_login_ddt: Data Driven testing started
2023-06-15 19:13:52,134 : INFO :  test_login_ddt : test_login_ddt: sending data to the application
2023-06-15 19:13:52,652 : INFO :  test_login_ddt : test_login_ddt: validation part started
2023-06-15 19:13:52,757 : INFO :  test_login_ddt : test_login_ddt: validation successful
2023-06-15 19:15:40,321 : INFO :  test_login_ddt : test_login_ddt: Data Driven testing started
2023-06-15 19:15:40,322 : INFO :  test_login_ddt : test_login_ddt: Data Driven testing started
2023-06-15 19:15:40,323 : INFO :  test_login_ddt : test_login_ddt: Data Driven testing started
2023-06-15 19:15:40,323 : INFO :  test_login_ddt : test_login_ddt: Data Driven testing started
2023-06-15 19:15:40,323 : INFO :  test_login_ddt : test_login_ddt: Data Driven testing started
2023-06-15 19:15:40,343 : INFO :  test_login_ddt : test_login_ddt: sending data to the application
2023-06-15 19:15:40,899 : INFO :  test_login_ddt : test_login_ddt: validation part started
2023-06-15 19:15:40,980 : INFO :  test_login_ddt : test_login_ddt: validation successful
2023-06-15 19:15:41,187 : INFO :  test_login_ddt : test_login_ddt: Data Driven testing completed
2023-06-15 19:18:06,769 : INFO :  test_login_ddt : test_login_ddt: Data Driven testing started
2023-06-15 19:18:06,843 : INFO :  test_login_ddt : test_login_ddt: Data Driven testing started
2023-06-15 19:18:06,843 : INFO :  test_login_ddt : test_login_ddt: Data Driven testing started
2023-06-15 19:18:06,843 : INFO :  test_login_ddt : test_login_ddt: Data Driven testing started
2023-06-15 19:18:06,843 : INFO :  test_login_ddt : test_login_ddt: Data Driven testing started
2023-06-15 19:18:06,875 : INFO :  test_login_ddt : test_login_ddt: sending data to the application
2023-06-15 19:18:07,351 : INFO :  test_login_ddt : test_login_ddt: validation part started
2023-06-15 19:18:07,434 : INFO :  test_login_ddt : test_login_ddt: validation successful
2023-06-15 19:19:54,434 : INFO :  test_login_ddt : test_login_ddt: Data Driven testing started
2023-06-15 19:19:54,436 : INFO :  test_login_ddt : test_login_ddt: Data Driven testing started
2023-06-15 19:19:54,436 : INFO :  test_login_ddt : test_login_ddt: Data Driven testing started
2023-06-15 19:19:54,437 : INFO :  test_login_ddt : test_login_ddt: Data Driven testing started
2023-06-15 19:19:54,437 : INFO :  test_login_ddt : test_login_ddt: Data Driven testing started
2023-06-15 19:19:54,468 : INFO :  test_login_ddt : test_login_ddt: sending data to the application
2023-06-15 19:19:54,943 : INFO :  test_login_ddt : test_login_ddt: validation part started
2023-06-15 19:19:55,026 : INFO :  test_login_ddt : test_login_ddt: validation successful
2023-06-15 19:19:55,250 : INFO :  test_login_ddt : test_login_ddt: Data Driven testing completed
2023-06-15 19:21:16,236 : INFO :  test_login_ddt : test_login_ddt: Data Driven testing started
2023-06-15 19:21:16,236 : INFO :  test_login_ddt : test_login_ddt: Data Driven testing started
2023-06-15 19:21:16,236 : INFO :  test_login_ddt : test_login_ddt: Data Driven testing started
2023-06-15 19:21:16,237 : INFO :  test_login_ddt : test_login_ddt: Data Driven testing started
2023-06-15 19:21:16,237 : INFO :  test_login_ddt : test_login_ddt: Data Driven testing started
2023-06-15 19:21:16,266 : INFO :  test_login_ddt : test_login_ddt: sending data to the application
2023-06-15 19:21:16,735 : INFO :  test_login_ddt : test_login_ddt: validation part started
2023-06-15 19:21:16,833 : INFO :  test_login_ddt : test_login_ddt: validation successful
